{"/home/madeleen/dev/express/mygas-ts/src/app.ts": {"path":"/home/madeleen/dev/express/mygas-ts/src/app.ts","statementMap":{"0":{"start":{"line":1,"column":0},"end":{"line":1,"column":66}},"1":{"start":{"line":2,"column":0},"end":{"line":2,"column":24}},"2":{"start":{"line":3,"column":0},"end":{"line":3,"column":39}},"3":{"start":{"line":4,"column":0},"end":{"line":4,"column":33}},"4":{"start":{"line":5,"column":0},"end":{"line":5,"column":38}},"5":{"start":{"line":6,"column":0},"end":{"line":6,"column":48}},"6":{"start":{"line":7,"column":0},"end":{"line":7,"column":23}},"7":{"start":{"line":8,"column":0},"end":{"line":8,"column":48}},"8":{"start":{"line":10,"column":0},"end":{"line":10,"column":18}},"9":{"start":{"line":12,"column":25},"end":{"line":12,"column":34}},"10":{"start":{"line":14,"column":0},"end":{"line":14,"column":30}},"11":{"start":{"line":15,"column":0},"end":{"line":15,"column":48}},"12":{"start":{"line":19,"column":0},"end":{"line":19,"column":25}},"13":{"start":{"line":20,"column":0},"end":{"line":20,"column":39}},"14":{"start":{"line":22,"column":0},"end":{"line":25,"column":3}},"15":{"start":{"line":23,"column":2},"end":{"line":23,"column":20}},"16":{"start":{"line":24,"column":2},"end":{"line":24,"column":29}},"17":{"start":{"line":27,"column":0},"end":{"line":31,"column":null}},"18":{"start":{"line":28,"column":2},"end":{"line":30,"column":5}},"19":{"start":{"line":29,"column":4},"end":{"line":29,"column":63}},"20":{"start":{"line":33,"column":0},"end":{"line":33,"column":19}}},"fnMap":{"0":{"name":"(anonymous_1)","decl":{"start":{"line":22,"column":13},"end":{"line":22,"column":14}},"loc":{"start":{"line":22,"column":45},"end":{"line":25,"column":1}}},"1":{"name":"(anonymous_2)","decl":{"start":{"line":28,"column":31},"end":{"line":28,"column":34}},"loc":{"start":{"line":28,"column":36},"end":{"line":30,"column":3}}}},"branchMap":{"0":{"loc":{"start":{"line":27,"column":0},"end":{"line":31,"column":null}},"type":"if","locations":[{"start":{"line":27,"column":0},"end":{"line":31,"column":null}}]}},"s":{"0":3,"1":3,"2":3,"3":3,"4":3,"5":3,"6":3,"7":3,"8":3,"9":3,"10":3,"11":3,"12":3,"13":3,"14":3,"15":1,"16":1,"17":3,"18":0,"19":0,"20":3},"f":{"0":1,"1":0},"b":{"0":[0]}}
,"/home/madeleen/dev/express/mygas-ts/src/endpoints.ts": {"path":"/home/madeleen/dev/express/mygas-ts/src/endpoints.ts","statementMap":{"0":{"start":{"line":1,"column":0},"end":{"line":1,"column":66}},"1":{"start":{"line":2,"column":0},"end":{"line":2,"column":37}},"2":{"start":{"line":3,"column":0},"end":{"line":3,"column":48}},"3":{"start":{"line":4,"column":0},"end":{"line":4,"column":43}},"4":{"start":{"line":5,"column":0},"end":{"line":5,"column":37}},"5":{"start":{"line":8,"column":15},"end":{"line":8,"column":23}},"6":{"start":{"line":9,"column":0},"end":{"line":9,"column":30}},"7":{"start":{"line":10,"column":15},"end":{"line":10,"column":27}},"8":{"start":{"line":13,"column":0},"end":{"line":24,"column":3}},"9":{"start":{"line":14,"column":2},"end":{"line":14,"column":96}},"10":{"start":{"line":17,"column":19},"end":{"line":17,"column":27}},"11":{"start":{"line":18,"column":2},"end":{"line":22,"column":4}},"12":{"start":{"line":19,"column":4},"end":{"line":19,"column":58}},"13":{"start":{"line":20,"column":4},"end":{"line":20,"column":24}},"14":{"start":{"line":21,"column":4},"end":{"line":21,"column":34}},"15":{"start":{"line":23,"column":2},"end":{"line":23,"column":9}},"16":{"start":{"line":27,"column":18},"end":{"line":39,"column":1}},"17":{"start":{"line":28,"column":2},"end":{"line":38,"column":null}},"18":{"start":{"line":29,"column":4},"end":{"line":29,"column":41}},"19":{"start":{"line":30,"column":4},"end":{"line":30,"column":43}},"20":{"start":{"line":31,"column":4},"end":{"line":31,"column":37}},"21":{"start":{"line":32,"column":9},"end":{"line":38,"column":null}},"22":{"start":{"line":33,"column":4},"end":{"line":33,"column":11}},"23":{"start":{"line":35,"column":4},"end":{"line":35,"column":40}},"24":{"start":{"line":36,"column":4},"end":{"line":36,"column":43}},"25":{"start":{"line":37,"column":4},"end":{"line":37,"column":36}},"26":{"start":{"line":44,"column":24},"end":{"line":54,"column":1}},"27":{"start":{"line":45,"column":2},"end":{"line":53,"column":7}},"28":{"start":{"line":47,"column":6},"end":{"line":47,"column":25}},"29":{"start":{"line":50,"column":6},"end":{"line":50,"column":34}},"30":{"start":{"line":51,"column":6},"end":{"line":51,"column":45}},"31":{"start":{"line":52,"column":6},"end":{"line":52,"column":30}},"32":{"start":{"line":56,"column":0},"end":{"line":58,"column":3}},"33":{"start":{"line":57,"column":2},"end":{"line":57,"column":72}},"34":{"start":{"line":57,"column":29},"end":{"line":57,"column":70}},"35":{"start":{"line":60,"column":0},"end":{"line":62,"column":3}},"36":{"start":{"line":61,"column":2},"end":{"line":61,"column":44}},"37":{"start":{"line":61,"column":29},"end":{"line":61,"column":42}},"38":{"start":{"line":64,"column":0},"end":{"line":66,"column":3}},"39":{"start":{"line":65,"column":2},"end":{"line":65,"column":68}},"40":{"start":{"line":65,"column":29},"end":{"line":65,"column":66}},"41":{"start":{"line":68,"column":0},"end":{"line":90,"column":3}},"42":{"start":{"line":68,"column":74},"end":{"line":90,"column":2}},"43":{"start":{"line":69,"column":2},"end":{"line":89,"column":null}},"44":{"start":{"line":70,"column":25},"end":{"line":76,"column":null}},"45":{"start":{"line":80,"column":4},"end":{"line":80,"column":61}},"46":{"start":{"line":80,"column":31},"end":{"line":80,"column":61}},"47":{"start":{"line":83,"column":4},"end":{"line":83,"column":74}},"48":{"start":{"line":83,"column":31},"end":{"line":83,"column":72}},"49":{"start":{"line":85,"column":23},"end":{"line":85,"column":80}},"50":{"start":{"line":86,"column":4},"end":{"line":86,"column":29}},"51":{"start":{"line":87,"column":4},"end":{"line":87,"column":43}},"52":{"start":{"line":88,"column":4},"end":{"line":88,"column":25}},"53":{"start":{"line":92,"column":0},"end":{"line":92,"column":22}}},"fnMap":{"0":{"name":"(anonymous_8)","decl":{"start":{"line":13,"column":11},"end":{"line":13,"column":12}},"loc":{"start":{"line":13,"column":63},"end":{"line":24,"column":1}}},"1":{"name":"(anonymous_9)","decl":{"start":{"line":18,"column":13},"end":{"line":18,"column":14}},"loc":{"start":{"line":18,"column":30},"end":{"line":22,"column":3}}},"2":{"name":"(anonymous_10)","decl":{"start":{"line":27,"column":18},"end":{"line":27,"column":19}},"loc":{"start":{"line":27,"column":70},"end":{"line":39,"column":1}}},"3":{"name":"(anonymous_11)","decl":{"start":{"line":44,"column":24},"end":{"line":44,"column":25}},"loc":{"start":{"line":44,"column":87},"end":{"line":54,"column":1}}},"4":{"name":"(anonymous_12)","decl":{"start":{"line":46,"column":10},"end":{"line":46,"column":11}},"loc":{"start":{"line":46,"column":23},"end":{"line":48,"column":5}}},"5":{"name":"(anonymous_13)","decl":{"start":{"line":49,"column":11},"end":{"line":49,"column":12}},"loc":{"start":{"line":49,"column":21},"end":{"line":53,"column":5}}},"6":{"name":"(anonymous_14)","decl":{"start":{"line":56,"column":25},"end":{"line":56,"column":26}},"loc":{"start":{"line":56,"column":57},"end":{"line":58,"column":1}}},"7":{"name":"(anonymous_15)","decl":{"start":{"line":57,"column":23},"end":{"line":57,"column":26}},"loc":{"start":{"line":57,"column":29},"end":{"line":57,"column":70}}},"8":{"name":"(anonymous_16)","decl":{"start":{"line":60,"column":16},"end":{"line":60,"column":17}},"loc":{"start":{"line":60,"column":48},"end":{"line":62,"column":1}}},"9":{"name":"(anonymous_17)","decl":{"start":{"line":61,"column":23},"end":{"line":61,"column":26}},"loc":{"start":{"line":61,"column":29},"end":{"line":61,"column":42}}},"10":{"name":"(anonymous_18)","decl":{"start":{"line":64,"column":28},"end":{"line":64,"column":29}},"loc":{"start":{"line":64,"column":60},"end":{"line":66,"column":1}}},"11":{"name":"(anonymous_19)","decl":{"start":{"line":65,"column":23},"end":{"line":65,"column":26}},"loc":{"start":{"line":65,"column":29},"end":{"line":65,"column":66}}},"12":{"name":"(anonymous_20)","decl":{"start":{"line":68,"column":36},"end":{"line":68,"column":43}},"loc":{"start":{"line":68,"column":74},"end":{"line":90,"column":2}}},"13":{"name":"(anonymous_21)","decl":{"start":{"line":68,"column":74},"end":{"line":68,"column":null}},"loc":{"start":{"line":68,"column":74},"end":{"line":90,"column":1}}},"14":{"name":"(anonymous_22)","decl":{"start":{"line":83,"column":25},"end":{"line":83,"column":28}},"loc":{"start":{"line":83,"column":31},"end":{"line":83,"column":72}}}},"branchMap":{"0":{"loc":{"start":{"line":28,"column":2},"end":{"line":38,"column":null}},"type":"if","locations":[{"start":{"line":28,"column":2},"end":{"line":38,"column":null}},{"start":{"line":32,"column":9},"end":{"line":38,"column":null}}]},"1":{"loc":{"start":{"line":28,"column":6},"end":{"line":28,"column":72}},"type":"binary-expr","locations":[{"start":{"line":28,"column":6},"end":{"line":28,"column":15}},{"start":{"line":28,"column":19},"end":{"line":28,"column":53}},{"start":{"line":28,"column":57},"end":{"line":28,"column":72}}]},"2":{"loc":{"start":{"line":32,"column":9},"end":{"line":38,"column":null}},"type":"if","locations":[{"start":{"line":32,"column":9},"end":{"line":38,"column":null}},{"start":{"line":34,"column":9},"end":{"line":38,"column":null}}]},"3":{"loc":{"start":{"line":80,"column":4},"end":{"line":80,"column":61}},"type":"if","locations":[{"start":{"line":80,"column":4},"end":{"line":80,"column":61}}]},"4":{"loc":{"start":{"line":85,"column":23},"end":{"line":85,"column":80}},"type":"cond-expr","locations":[{"start":{"line":85,"column":48},"end":{"line":85,"column":61}},{"start":{"line":85,"column":64},"end":{"line":85,"column":80}}]}},"s":{"0":3,"1":3,"2":3,"3":3,"4":3,"5":3,"6":3,"7":3,"8":3,"9":13,"10":13,"11":13,"12":13,"13":13,"14":13,"15":13,"16":3,"17":8,"18":4,"19":4,"20":4,"21":4,"22":3,"23":1,"24":1,"25":1,"26":3,"27":7,"28":6,"29":1,"30":1,"31":1,"32":3,"33":2,"34":2,"35":3,"36":3,"37":3,"38":3,"39":1,"40":1,"41":3,"42":2,"43":2,"44":2,"45":2,"46":1,"47":1,"48":1,"49":1,"50":1,"51":1,"52":1,"53":3},"f":{"0":13,"1":13,"2":8,"3":7,"4":6,"5":1,"6":2,"7":2,"8":3,"9":3,"10":1,"11":1,"12":2,"13":2,"14":1},"b":{"0":[4,4],"1":[8,8,6],"2":[3,1],"3":[1],"4":[1,0]}}
,"/home/madeleen/dev/express/mygas-ts/src/auth/auth.ts": {"path":"/home/madeleen/dev/express/mygas-ts/src/auth/auth.ts","statementMap":{"0":{"start":{"line":10,"column":0},"end":{"line":10,"column":28}},"1":{"start":{"line":11,"column":0},"end":{"line":11,"column":43}},"2":{"start":{"line":12,"column":0},"end":{"line":12,"column":48}},"3":{"start":{"line":13,"column":0},"end":{"line":13,"column":23}},"4":{"start":{"line":14,"column":0},"end":{"line":14,"column":40}},"5":{"start":{"line":15,"column":0},"end":{"line":15,"column":44}},"6":{"start":{"line":17,"column":15},"end":{"line":17,"column":27}},"7":{"start":{"line":19,"column":15},"end":{"line":19,"column":35}},"8":{"start":{"line":21,"column":19},"end":{"line":21,"column":24}},"9":{"start":{"line":22,"column":15},"end":{"line":22,"column":17}},"10":{"start":{"line":23,"column":15},"end":{"line":23,"column":23}},"11":{"start":{"line":25,"column":42},"end":{"line":46,"column":2}},"12":{"start":{"line":25,"column":83},"end":{"line":46,"column":2}},"13":{"start":{"line":34,"column":16},"end":{"line":34,"column":17}},"14":{"start":{"line":35,"column":2},"end":{"line":35,"column":76}},"15":{"start":{"line":35,"column":31},"end":{"line":35,"column":76}},"16":{"start":{"line":37,"column":17},"end":{"line":37,"column":62}},"17":{"start":{"line":38,"column":21},"end":{"line":38,"column":84}},"18":{"start":{"line":39,"column":18},"end":{"line":43,"column":4}},"19":{"start":{"line":45,"column":2},"end":{"line":45,"column":17}},"20":{"start":{"line":25,"column":13},"end":{"line":25,"column":42}},"21":{"start":{"line":50,"column":32},"end":{"line":92,"column":2}},"22":{"start":{"line":54,"column":19},"end":{"line":92,"column":2}},"23":{"start":{"line":70,"column":23},"end":{"line":74,"column":4}},"24":{"start":{"line":76,"column":2},"end":{"line":89,"column":null}},"25":{"start":{"line":77,"column":23},"end":{"line":77,"column":98}},"26":{"start":{"line":79,"column":4},"end":{"line":85,"column":null}},"27":{"start":{"line":81,"column":20},"end":{"line":83,"column":8}},"28":{"start":{"line":84,"column":6},"end":{"line":84,"column":35}},"29":{"start":{"line":87,"column":4},"end":{"line":87,"column":35}},"30":{"start":{"line":88,"column":4},"end":{"line":88,"column":55}},"31":{"start":{"line":90,"column":2},"end":{"line":90,"column":48}},"32":{"start":{"line":91,"column":2},"end":{"line":91,"column":68}},"33":{"start":{"line":50,"column":13},"end":{"line":50,"column":32}},"34":{"start":{"line":94,"column":24},"end":{"line":125,"column":1}},"35":{"start":{"line":106,"column":21},"end":{"line":106,"column":46}},"36":{"start":{"line":107,"column":31},"end":{"line":107,"column":68}},"37":{"start":{"line":108,"column":2},"end":{"line":124,"column":null}},"38":{"start":{"line":109,"column":4},"end":{"line":109,"column":41}},"39":{"start":{"line":110,"column":4},"end":{"line":110,"column":19}},"40":{"start":{"line":112,"column":4},"end":{"line":123,"column":null}},"41":{"start":{"line":113,"column":25},"end":{"line":113,"column":46}},"42":{"start":{"line":114,"column":6},"end":{"line":118,"column":null}},"43":{"start":{"line":115,"column":8},"end":{"line":115,"column":15}},"44":{"start":{"line":117,"column":8},"end":{"line":117,"column":47}},"45":{"start":{"line":120,"column":6},"end":{"line":120,"column":83}},"46":{"start":{"line":121,"column":6},"end":{"line":121,"column":43}},"47":{"start":{"line":122,"column":6},"end":{"line":122,"column":21}},"48":{"start":{"line":94,"column":13},"end":{"line":94,"column":24}}},"fnMap":{"0":{"name":"(anonymous_14)","decl":{"start":{"line":25,"column":42},"end":{"line":25,"column":49}},"loc":{"start":{"line":25,"column":83},"end":{"line":46,"column":2}}},"1":{"name":"(anonymous_15)","decl":{"start":{"line":25,"column":83},"end":{"line":25,"column":null}},"loc":{"start":{"line":25,"column":83},"end":{"line":46,"column":1}}},"2":{"name":"(anonymous_16)","decl":{"start":{"line":50,"column":32},"end":{"line":50,"column":null}},"loc":{"start":{"line":54,"column":19},"end":{"line":92,"column":2}}},"3":{"name":"(anonymous_17)","decl":{"start":{"line":54,"column":19},"end":{"line":54,"column":null}},"loc":{"start":{"line":54,"column":19},"end":{"line":92,"column":1}}},"4":{"name":"(anonymous_18)","decl":{"start":{"line":94,"column":24},"end":{"line":94,"column":25}},"loc":{"start":{"line":94,"column":82},"end":{"line":125,"column":1}}}},"branchMap":{"0":{"loc":{"start":{"line":35,"column":2},"end":{"line":35,"column":76}},"type":"if","locations":[{"start":{"line":35,"column":2},"end":{"line":35,"column":76}}]},"1":{"loc":{"start":{"line":76,"column":2},"end":{"line":89,"column":null}},"type":"if","locations":[{"start":{"line":76,"column":2},"end":{"line":89,"column":null}}]},"2":{"loc":{"start":{"line":76,"column":6},"end":{"line":76,"column":48}},"type":"binary-expr","locations":[{"start":{"line":76,"column":6},"end":{"line":76,"column":24}},{"start":{"line":76,"column":28},"end":{"line":76,"column":46}}]},"3":{"loc":{"start":{"line":76,"column":6},"end":{"line":76,"column":24}},"type":"cond-expr","locations":[{"start":{"line":76,"column":18},"end":{"line":76,"column":20}},{"start":{"line":76,"column":6},"end":{"line":76,"column":24}}]},"4":{"loc":{"start":{"line":76,"column":6},"end":{"line":76,"column":20}},"type":"binary-expr","locations":[{"start":{"line":76,"column":6},"end":{"line":76,"column":20}},{"start":{"line":76,"column":6},"end":{"line":76,"column":20}}]},"5":{"loc":{"start":{"line":76,"column":28},"end":{"line":76,"column":46}},"type":"cond-expr","locations":[{"start":{"line":76,"column":40},"end":{"line":76,"column":42}},{"start":{"line":76,"column":28},"end":{"line":76,"column":46}}]},"6":{"loc":{"start":{"line":76,"column":28},"end":{"line":76,"column":42}},"type":"binary-expr","locations":[{"start":{"line":76,"column":28},"end":{"line":76,"column":42}},{"start":{"line":76,"column":28},"end":{"line":76,"column":42}}]},"7":{"loc":{"start":{"line":77,"column":51},"end":{"line":77,"column":69}},"type":"cond-expr","locations":[{"start":{"line":77,"column":63},"end":{"line":77,"column":65}},{"start":{"line":77,"column":51},"end":{"line":77,"column":69}}]},"8":{"loc":{"start":{"line":77,"column":51},"end":{"line":77,"column":65}},"type":"binary-expr","locations":[{"start":{"line":77,"column":51},"end":{"line":77,"column":65}},{"start":{"line":77,"column":51},"end":{"line":77,"column":65}}]},"9":{"loc":{"start":{"line":79,"column":4},"end":{"line":85,"column":null}},"type":"if","locations":[{"start":{"line":79,"column":4},"end":{"line":85,"column":null}}]},"10":{"loc":{"start":{"line":79,"column":8},"end":{"line":79,"column":70}},"type":"binary-expr","locations":[{"start":{"line":79,"column":8},"end":{"line":79,"column":64}},{"start":{"line":79,"column":64},"end":{"line":79,"column":70}}]},"11":{"loc":{"start":{"line":79,"column":42},"end":{"line":79,"column":60}},"type":"cond-expr","locations":[{"start":{"line":79,"column":54},"end":{"line":79,"column":56}},{"start":{"line":79,"column":42},"end":{"line":79,"column":60}}]},"12":{"loc":{"start":{"line":79,"column":42},"end":{"line":79,"column":56}},"type":"binary-expr","locations":[{"start":{"line":79,"column":42},"end":{"line":79,"column":56}},{"start":{"line":79,"column":42},"end":{"line":79,"column":56}}]},"13":{"loc":{"start":{"line":107,"column":31},"end":{"line":107,"column":68}},"type":"binary-expr","locations":[{"start":{"line":107,"column":31},"end":{"line":107,"column":60}},{"start":{"line":107,"column":64},"end":{"line":107,"column":68}}]},"14":{"loc":{"start":{"line":107,"column":31},"end":{"line":107,"column":60}},"type":"cond-expr","locations":[{"start":{"line":107,"column":55},"end":{"line":107,"column":58}},{"start":{"line":107,"column":55},"end":{"line":107,"column":60}}]},"15":{"loc":{"start":{"line":107,"column":31},"end":{"line":107,"column":58}},"type":"binary-expr","locations":[{"start":{"line":107,"column":31},"end":{"line":107,"column":58}},{"start":{"line":107,"column":55},"end":{"line":107,"column":58}}]},"16":{"loc":{"start":{"line":107,"column":31},"end":{"line":107,"column":55}},"type":"cond-expr","locations":[{"start":{"line":107,"column":48},"end":{"line":107,"column":51}},{"start":{"line":107,"column":48},"end":{"line":107,"column":55}}]},"17":{"loc":{"start":{"line":107,"column":31},"end":{"line":107,"column":51}},"type":"binary-expr","locations":[{"start":{"line":107,"column":31},"end":{"line":107,"column":51}},{"start":{"line":107,"column":48},"end":{"line":107,"column":51}}]},"18":{"loc":{"start":{"line":107,"column":31},"end":{"line":107,"column":48}},"type":"cond-expr","locations":[{"start":{"line":107,"column":41},"end":{"line":107,"column":43}},{"start":{"line":107,"column":31},"end":{"line":107,"column":48}}]},"19":{"loc":{"start":{"line":107,"column":31},"end":{"line":107,"column":43}},"type":"binary-expr","locations":[{"start":{"line":107,"column":31},"end":{"line":107,"column":43}},{"start":{"line":107,"column":31},"end":{"line":107,"column":43}}]},"20":{"loc":{"start":{"line":108,"column":2},"end":{"line":124,"column":null}},"type":"if","locations":[{"start":{"line":108,"column":2},"end":{"line":124,"column":null}},{"start":{"line":111,"column":9},"end":{"line":124,"column":null}}]},"21":{"loc":{"start":{"line":108,"column":6},"end":{"line":108,"column":23}},"type":"binary-expr","locations":[{"start":{"line":108,"column":6},"end":{"line":108,"column":12}},{"start":{"line":108,"column":16},"end":{"line":108,"column":23}}]},"22":{"loc":{"start":{"line":114,"column":6},"end":{"line":118,"column":null}},"type":"if","locations":[{"start":{"line":114,"column":6},"end":{"line":118,"column":null}},{"start":{"line":116,"column":13},"end":{"line":118,"column":null}}]},"23":{"loc":{"start":{"line":120,"column":19},"end":{"line":120,"column":81}},"type":"cond-expr","locations":[{"start":{"line":120,"column":44},"end":{"line":120,"column":57}},{"start":{"line":120,"column":60},"end":{"line":120,"column":81}}]}},"s":{"0":3,"1":3,"2":3,"3":3,"4":3,"5":3,"6":3,"7":3,"8":3,"9":3,"10":3,"11":3,"12":11,"13":11,"14":11,"15":1,"16":10,"17":10,"18":10,"19":9,"20":3,"21":3,"22":4,"23":4,"24":4,"25":3,"26":3,"27":2,"28":2,"29":1,"30":1,"31":1,"32":1,"33":3,"34":3,"35":15,"36":15,"37":15,"38":2,"39":2,"40":13,"41":13,"42":13,"43":13,"44":0,"45":0,"46":0,"47":0,"48":3},"f":{"0":11,"1":11,"2":4,"3":4,"4":15},"b":{"0":[1],"1":[3],"2":[4,3],"3":[1,3],"4":[4,3],"5":[0,3],"6":[3,3],"7":[0,3],"8":[3,3],"9":[2],"10":[3,2],"11":[0,3],"12":[3,3],"13":[15,2],"14":[1,14],"15":[15,15],"16":[1,14],"17":[15,15],"18":[1,14],"19":[15,15],"20":[2,13],"21":[15,13],"22":[13,0],"23":[0,0]}}
,"/home/madeleen/dev/express/mygas-ts/src/auth/login.ts": {"path":"/home/madeleen/dev/express/mygas-ts/src/auth/login.ts","statementMap":{"0":{"start":{"line":1,"column":0},"end":{"line":1,"column":52}},"1":{"start":{"line":2,"column":0},"end":{"line":2,"column":37}},"2":{"start":{"line":3,"column":0},"end":{"line":3,"column":48}},"3":{"start":{"line":4,"column":0},"end":{"line":4,"column":44}},"4":{"start":{"line":5,"column":0},"end":{"line":5,"column":42}},"5":{"start":{"line":8,"column":15},"end":{"line":8,"column":23}},"6":{"start":{"line":9,"column":0},"end":{"line":9,"column":30}},"7":{"start":{"line":10,"column":15},"end":{"line":10,"column":27}},"8":{"start":{"line":12,"column":0},"end":{"line":28,"column":3}},"9":{"start":{"line":12,"column":55},"end":{"line":28,"column":2}},"10":{"start":{"line":13,"column":2},"end":{"line":27,"column":5}},"11":{"start":{"line":14,"column":4},"end":{"line":16,"column":6}},"12":{"start":{"line":17,"column":4},"end":{"line":19,"column":null}},"13":{"start":{"line":18,"column":6},"end":{"line":18,"column":34}},"14":{"start":{"line":20,"column":4},"end":{"line":26,"column":null}},"15":{"start":{"line":21,"column":6},"end":{"line":21,"column":65}},"16":{"start":{"line":22,"column":6},"end":{"line":22,"column":22}},"17":{"start":{"line":24,"column":6},"end":{"line":24,"column":43}},"18":{"start":{"line":25,"column":6},"end":{"line":25,"column":21}},"19":{"start":{"line":30,"column":0},"end":{"line":30,"column":22}}},"fnMap":{"0":{"name":"(anonymous_8)","decl":{"start":{"line":12,"column":17},"end":{"line":12,"column":24}},"loc":{"start":{"line":12,"column":55},"end":{"line":28,"column":2}}},"1":{"name":"(anonymous_9)","decl":{"start":{"line":12,"column":55},"end":{"line":12,"column":null}},"loc":{"start":{"line":12,"column":55},"end":{"line":28,"column":1}}},"2":{"name":"(anonymous_10)","decl":{"start":{"line":13,"column":63},"end":{"line":13,"column":64}},"loc":{"start":{"line":13,"column":80},"end":{"line":27,"column":3}}}},"branchMap":{"0":{"loc":{"start":{"line":17,"column":4},"end":{"line":19,"column":null}},"type":"if","locations":[{"start":{"line":17,"column":4},"end":{"line":19,"column":null}}]},"1":{"loc":{"start":{"line":20,"column":4},"end":{"line":26,"column":null}},"type":"if","locations":[{"start":{"line":20,"column":4},"end":{"line":26,"column":null}},{"start":{"line":23,"column":11},"end":{"line":26,"column":null}}]}},"s":{"0":3,"1":3,"2":3,"3":3,"4":3,"5":3,"6":3,"7":3,"8":3,"9":0,"10":0,"11":0,"12":0,"13":0,"14":0,"15":0,"16":0,"17":0,"18":0,"19":3},"f":{"0":0,"1":0,"2":0},"b":{"0":[0],"1":[0,0]}}
,"/home/madeleen/dev/express/mygas-ts/src/db/db-methods.ts": {"path":"/home/madeleen/dev/express/mygas-ts/src/db/db-methods.ts","statementMap":{"0":{"start":{"line":1,"column":0},"end":{"line":1,"column":38}},"1":{"start":{"line":2,"column":0},"end":{"line":2,"column":40}},"2":{"start":{"line":5,"column":23},"end":{"line":8,"column":2}},"3":{"start":{"line":5,"column":34},"end":{"line":8,"column":2}},"4":{"start":{"line":6,"column":2},"end":{"line":6,"column":19}},"5":{"start":{"line":7,"column":2},"end":{"line":7,"column":20}},"6":{"start":{"line":5,"column":13},"end":{"line":5,"column":23}},"7":{"start":{"line":11,"column":23},"end":{"line":14,"column":2}},"8":{"start":{"line":11,"column":34},"end":{"line":14,"column":2}},"9":{"start":{"line":12,"column":2},"end":{"line":12,"column":19}},"10":{"start":{"line":13,"column":2},"end":{"line":13,"column":20}},"11":{"start":{"line":11,"column":13},"end":{"line":11,"column":23}}},"fnMap":{"0":{"name":"(anonymous_8)","decl":{"start":{"line":5,"column":23},"end":{"line":5,"column":32}},"loc":{"start":{"line":5,"column":34},"end":{"line":8,"column":2}}},"1":{"name":"(anonymous_9)","decl":{"start":{"line":5,"column":34},"end":{"line":5,"column":null}},"loc":{"start":{"line":5,"column":34},"end":{"line":8,"column":1}}},"2":{"name":"(anonymous_10)","decl":{"start":{"line":11,"column":23},"end":{"line":11,"column":32}},"loc":{"start":{"line":11,"column":34},"end":{"line":14,"column":2}}},"3":{"name":"(anonymous_11)","decl":{"start":{"line":11,"column":34},"end":{"line":11,"column":null}},"loc":{"start":{"line":11,"column":34},"end":{"line":14,"column":1}}}},"branchMap":{},"s":{"0":3,"1":3,"2":3,"3":15,"4":15,"5":15,"6":3,"7":3,"8":15,"9":15,"10":15,"11":3},"f":{"0":15,"1":15,"2":15,"3":15},"b":{}}
,"/home/madeleen/dev/express/mygas-ts/src/models/gas-model.ts": {"path":"/home/madeleen/dev/express/mygas-ts/src/models/gas-model.ts","statementMap":{"0":{"start":{"line":1,"column":0},"end":{"line":1,"column":null}},"1":{"start":{"line":9,"column":0},"end":{"line":9,"column":36}},"2":{"start":{"line":10,"column":0},"end":{"line":10,"column":23}},"3":{"start":{"line":13,"column":17},"end":{"line":13,"column":48}},"4":{"start":{"line":14,"column":15},"end":{"line":14,"column":27}},"5":{"start":{"line":16,"column":18},"end":{"line":20,"column":2}},"6":{"start":{"line":19,"column":28},"end":{"line":19,"column":45}},"7":{"start":{"line":30,"column":24},"end":{"line":34,"column":6}},"8":{"start":{"line":35,"column":4},"end":{"line":35,"column":60}},"9":{"start":{"line":35,"column":30},"end":{"line":35,"column":60}},"10":{"start":{"line":36,"column":4},"end":{"line":36,"column":23}},"11":{"start":{"line":40,"column":0},"end":{"line":66,"column":2}},"12":{"start":{"line":68,"column":0},"end":{"line":68,"column":19}}},"fnMap":{"0":{"name":"(anonymous_8)","decl":{"start":{"line":19,"column":11},"end":{"line":19,"column":12}},"loc":{"start":{"line":19,"column":28},"end":{"line":19,"column":45}}},"1":{"name":"(anonymous_9)","decl":{"start":{"line":29,"column":2},"end":{"line":29,"column":8}},"loc":{"start":{"line":29,"column":43},"end":{"line":37,"column":null}}}},"branchMap":{"0":{"loc":{"start":{"line":13,"column":17},"end":{"line":13,"column":48}},"type":"binary-expr","locations":[{"start":{"line":13,"column":17},"end":{"line":13,"column":37}},{"start":{"line":13,"column":41},"end":{"line":13,"column":48}}]},"1":{"loc":{"start":{"line":35,"column":4},"end":{"line":35,"column":60}},"type":"if","locations":[{"start":{"line":35,"column":4},"end":{"line":35,"column":60}}]}},"s":{"0":4,"1":4,"2":4,"3":4,"4":4,"5":4,"6":82,"7":6,"8":6,"9":1,"10":5,"11":4,"12":4},"f":{"0":82,"1":6},"b":{"0":[4,0],"1":[1]}}
,"/home/madeleen/dev/express/mygas-ts/src/models/logger-model.ts": {"path":"/home/madeleen/dev/express/mygas-ts/src/models/logger-model.ts","statementMap":{"0":{"start":{"line":1,"column":0},"end":{"line":1,"column":26}},"1":{"start":{"line":2,"column":0},"end":{"line":2,"column":20}},"2":{"start":{"line":3,"column":0},"end":{"line":3,"column":24}},"3":{"start":{"line":4,"column":0},"end":{"line":4,"column":23}},"4":{"start":{"line":26,"column":33},"end":{"line":36,"column":2}},"5":{"start":{"line":28,"column":4},"end":{"line":28,"column":81}},"6":{"start":{"line":31,"column":4},"end":{"line":31,"column":82}},"7":{"start":{"line":34,"column":4},"end":{"line":34,"column":82}},"8":{"start":{"line":38,"column":12},"end":{"line":38,"column":38}},"9":{"start":{"line":41,"column":34},"end":{"line":51,"column":2}},"10":{"start":{"line":43,"column":4},"end":{"line":43,"column":51}},"11":{"start":{"line":49,"column":4},"end":{"line":49,"column":25}},"12":{"start":{"line":55,"column":2},"end":{"line":55,"column":30}},"13":{"start":{"line":58,"column":4},"end":{"line":63,"column":null}},"14":{"start":{"line":59,"column":6},"end":{"line":59,"column":38}},"15":{"start":{"line":60,"column":11},"end":{"line":63,"column":null}},"16":{"start":{"line":62,"column":6},"end":{"line":62,"column":38}},"17":{"start":{"line":67,"column":4},"end":{"line":67,"column":38}},"18":{"start":{"line":70,"column":4},"end":{"line":70,"column":39}},"19":{"start":{"line":73,"column":4},"end":{"line":73,"column":39}},"20":{"start":{"line":76,"column":14},"end":{"line":85,"column":null}},"21":{"start":{"line":77,"column":22},"end":{"line":77,"column":46}},"22":{"start":{"line":78,"column":4},"end":{"line":78,"column":64}},"23":{"start":{"line":79,"column":4},"end":{"line":81,"column":null}},"24":{"start":{"line":80,"column":6},"end":{"line":80,"column":58}},"25":{"start":{"line":82,"column":4},"end":{"line":84,"column":null}},"26":{"start":{"line":83,"column":6},"end":{"line":83,"column":58}},"27":{"start":{"line":88,"column":0},"end":{"line":88,"column":22}}},"fnMap":{"0":{"name":"(anonymous_3)","decl":{"start":{"line":27,"column":2},"end":{"line":27,"column":6}},"loc":{"start":{"line":27,"column":18},"end":{"line":29,"column":3}}},"1":{"name":"(anonymous_4)","decl":{"start":{"line":30,"column":2},"end":{"line":30,"column":7}},"loc":{"start":{"line":30,"column":19},"end":{"line":32,"column":3}}},"2":{"name":"(anonymous_5)","decl":{"start":{"line":33,"column":2},"end":{"line":33,"column":7}},"loc":{"start":{"line":33,"column":19},"end":{"line":35,"column":3}}},"3":{"name":"(anonymous_6)","decl":{"start":{"line":42,"column":2},"end":{"line":42,"column":6}},"loc":{"start":{"line":42,"column":18},"end":{"line":44,"column":3}}},"4":{"name":"(anonymous_7)","decl":{"start":{"line":45,"column":2},"end":{"line":45,"column":7}},"loc":{"start":{"line":45,"column":20},"end":{"line":47,"column":3}}},"5":{"name":"(anonymous_8)","decl":{"start":{"line":48,"column":2},"end":{"line":48,"column":7}},"loc":{"start":{"line":48,"column":19},"end":{"line":50,"column":3}}},"6":{"name":"(anonymous_9)","decl":{"start":{"line":57,"column":2},"end":{"line":57,"column":null}},"loc":{"start":{"line":57,"column":2},"end":{"line":64,"column":3}}},"7":{"name":"(anonymous_10)","decl":{"start":{"line":66,"column":2},"end":{"line":66,"column":6}},"loc":{"start":{"line":66,"column":22},"end":{"line":68,"column":3}}},"8":{"name":"(anonymous_11)","decl":{"start":{"line":69,"column":2},"end":{"line":69,"column":7}},"loc":{"start":{"line":69,"column":23},"end":{"line":71,"column":3}}},"9":{"name":"(anonymous_12)","decl":{"start":{"line":72,"column":2},"end":{"line":72,"column":7}},"loc":{"start":{"line":72,"column":23},"end":{"line":74,"column":3}}},"10":{"name":"_Logger_logMessage","decl":{"start":{"line":76,"column":14},"end":{"line":76,"column":27}},"loc":{"start":{"line":76,"column":44},"end":{"line":85,"column":3}}}},"branchMap":{"0":{"loc":{"start":{"line":38,"column":12},"end":{"line":38,"column":38}},"type":"binary-expr","locations":[{"start":{"line":38,"column":12},"end":{"line":38,"column":32}},{"start":{"line":38,"column":36},"end":{"line":38,"column":38}}]},"1":{"loc":{"start":{"line":58,"column":4},"end":{"line":63,"column":null}},"type":"if","locations":[{"start":{"line":58,"column":4},"end":{"line":63,"column":null}},{"start":{"line":60,"column":11},"end":{"line":63,"column":null}}]},"2":{"loc":{"start":{"line":60,"column":11},"end":{"line":63,"column":null}},"type":"if","locations":[{"start":{"line":60,"column":11},"end":{"line":63,"column":null}}]},"3":{"loc":{"start":{"line":79,"column":4},"end":{"line":81,"column":null}},"type":"if","locations":[{"start":{"line":79,"column":4},"end":{"line":81,"column":null}}]},"4":{"loc":{"start":{"line":82,"column":4},"end":{"line":84,"column":null}},"type":"if","locations":[{"start":{"line":82,"column":4},"end":{"line":84,"column":null}}]}},"s":{"0":4,"1":4,"2":4,"3":4,"4":4,"5":206,"6":89,"7":91,"8":4,"9":4,"10":0,"11":0,"12":17,"13":17,"14":0,"15":17,"16":17,"17":26,"18":89,"19":91,"20":4,"21":206,"22":206,"23":206,"24":89,"25":206,"26":91,"27":4},"f":{"0":206,"1":89,"2":91,"3":0,"4":0,"5":0,"6":17,"7":26,"8":89,"9":91,"10":206},"b":{"0":[4,0],"1":[0,17],"2":[17],"3":[89],"4":[91]}}
,"/home/madeleen/dev/express/mygas-ts/src/models/user-model.ts": {"path":"/home/madeleen/dev/express/mygas-ts/src/models/user-model.ts","statementMap":{"0":{"start":{"line":1,"column":0},"end":{"line":1,"column":null}},"1":{"start":{"line":9,"column":0},"end":{"line":9,"column":23}},"2":{"start":{"line":10,"column":0},"end":{"line":10,"column":36}},"3":{"start":{"line":12,"column":15},"end":{"line":12,"column":27}},"4":{"start":{"line":13,"column":17},"end":{"line":13,"column":48}},"5":{"start":{"line":15,"column":18},"end":{"line":19,"column":2}},"6":{"start":{"line":18,"column":28},"end":{"line":18,"column":45}},"7":{"start":{"line":31,"column":0},"end":{"line":62,"column":2}},"8":{"start":{"line":64,"column":0},"end":{"line":64,"column":20}}},"fnMap":{"0":{"name":"(anonymous_1)","decl":{"start":{"line":18,"column":11},"end":{"line":18,"column":12}},"loc":{"start":{"line":18,"column":28},"end":{"line":18,"column":45}}}},"branchMap":{"0":{"loc":{"start":{"line":13,"column":17},"end":{"line":13,"column":48}},"type":"binary-expr","locations":[{"start":{"line":13,"column":17},"end":{"line":13,"column":37}},{"start":{"line":13,"column":41},"end":{"line":13,"column":48}}]}},"s":{"0":4,"1":4,"2":4,"3":4,"4":4,"5":4,"6":89,"7":4,"8":4},"f":{"0":89},"b":{"0":[4,0]}}
,"/home/madeleen/dev/express/mygas-ts/src/utils/utils.ts": {"path":"/home/madeleen/dev/express/mygas-ts/src/utils/utils.ts","statementMap":{"0":{"start":{"line":1,"column":0},"end":{"line":1,"column":20}},"1":{"start":{"line":2,"column":0},"end":{"line":2,"column":24}},"2":{"start":{"line":4,"column":31},"end":{"line":8,"column":1}},"3":{"start":{"line":5,"column":2},"end":{"line":7,"column":null}},"4":{"start":{"line":6,"column":4},"end":{"line":6,"column":46}},"5":{"start":{"line":4,"column":13},"end":{"line":4,"column":31}}},"fnMap":{"0":{"name":"(anonymous_1)","decl":{"start":{"line":4,"column":31},"end":{"line":4,"column":34}},"loc":{"start":{"line":4,"column":36},"end":{"line":8,"column":1}}}},"branchMap":{"0":{"loc":{"start":{"line":5,"column":2},"end":{"line":7,"column":null}},"type":"if","locations":[{"start":{"line":5,"column":2},"end":{"line":7,"column":null}}]}},"s":{"0":3,"1":3,"2":3,"3":3,"4":0,"5":3},"f":{"0":3},"b":{"0":[0]}}
}
