TN:
SF:src/app.ts
FN:22,(anonymous_1)
FN:28,(anonymous_2)
FNF:2
FNH:1
FNDA:1,(anonymous_1)
FNDA:0,(anonymous_2)
DA:1,3
DA:2,3
DA:3,3
DA:4,3
DA:5,3
DA:6,3
DA:7,3
DA:8,3
DA:10,3
DA:12,3
DA:14,3
DA:15,3
DA:19,3
DA:20,3
DA:22,3
DA:23,1
DA:24,1
DA:27,3
DA:28,0
DA:29,0
DA:33,3
LF:21
LH:19
BRDA:27,0,0,0
BRF:1
BRH:0
end_of_record
TN:
SF:src/endpoints.ts
FN:13,(anonymous_8)
FN:18,(anonymous_9)
FN:27,(anonymous_10)
FN:44,(anonymous_11)
FN:46,(anonymous_12)
FN:49,(anonymous_13)
FN:56,(anonymous_14)
FN:57,(anonymous_15)
FN:60,(anonymous_16)
FN:61,(anonymous_17)
FN:64,(anonymous_18)
FN:65,(anonymous_19)
FN:68,(anonymous_20)
FN:68,(anonymous_21)
FN:83,(anonymous_22)
FNF:15
FNH:15
FNDA:13,(anonymous_8)
FNDA:13,(anonymous_9)
FNDA:8,(anonymous_10)
FNDA:7,(anonymous_11)
FNDA:6,(anonymous_12)
FNDA:1,(anonymous_13)
FNDA:2,(anonymous_14)
FNDA:2,(anonymous_15)
FNDA:3,(anonymous_16)
FNDA:3,(anonymous_17)
FNDA:1,(anonymous_18)
FNDA:1,(anonymous_19)
FNDA:2,(anonymous_20)
FNDA:2,(anonymous_21)
FNDA:1,(anonymous_22)
DA:1,3
DA:2,3
DA:3,3
DA:4,3
DA:5,3
DA:8,3
DA:9,3
DA:10,3
DA:13,3
DA:14,13
DA:17,13
DA:18,13
DA:19,13
DA:20,13
DA:21,13
DA:23,13
DA:27,3
DA:28,8
DA:29,4
DA:30,4
DA:31,4
DA:32,4
DA:33,3
DA:35,1
DA:36,1
DA:37,1
DA:44,3
DA:45,7
DA:47,6
DA:50,1
DA:51,1
DA:52,1
DA:56,3
DA:57,2
DA:60,3
DA:61,3
DA:64,3
DA:65,1
DA:68,3
DA:69,2
DA:70,2
DA:80,2
DA:83,1
DA:85,1
DA:86,1
DA:87,1
DA:88,1
DA:92,3
LF:48
LH:48
BRDA:28,0,0,4
BRDA:28,0,1,4
BRDA:28,1,0,8
BRDA:28,1,1,8
BRDA:28,1,2,6
BRDA:32,2,0,3
BRDA:32,2,1,1
BRDA:80,3,0,1
BRDA:85,4,0,1
BRDA:85,4,1,0
BRF:10
BRH:9
end_of_record
TN:
SF:src/auth/auth.ts
FN:25,(anonymous_14)
FN:25,(anonymous_15)
FN:50,(anonymous_16)
FN:54,(anonymous_17)
FN:94,(anonymous_18)
FNF:5
FNH:5
FNDA:11,(anonymous_14)
FNDA:11,(anonymous_15)
FNDA:4,(anonymous_16)
FNDA:4,(anonymous_17)
FNDA:15,(anonymous_18)
DA:10,3
DA:11,3
DA:12,3
DA:13,3
DA:14,3
DA:15,3
DA:17,3
DA:19,3
DA:21,3
DA:22,3
DA:23,3
DA:25,11
DA:34,11
DA:35,11
DA:37,10
DA:38,10
DA:39,10
DA:45,9
DA:50,3
DA:54,4
DA:70,4
DA:76,4
DA:77,3
DA:79,3
DA:81,2
DA:84,2
DA:87,1
DA:88,1
DA:90,1
DA:91,1
DA:94,3
DA:106,15
DA:107,15
DA:108,15
DA:109,2
DA:110,2
DA:112,13
DA:113,13
DA:114,13
DA:115,13
DA:117,0
DA:120,0
DA:121,0
DA:122,0
LF:44
LH:40
BRDA:35,0,0,1
BRDA:76,1,0,3
BRDA:76,2,0,4
BRDA:76,2,1,3
BRDA:76,3,0,1
BRDA:76,3,1,3
BRDA:76,4,0,4
BRDA:76,4,1,3
BRDA:76,5,0,0
BRDA:76,5,1,3
BRDA:76,6,0,3
BRDA:76,6,1,3
BRDA:77,7,0,0
BRDA:77,7,1,3
BRDA:77,8,0,3
BRDA:77,8,1,3
BRDA:79,9,0,2
BRDA:79,10,0,3
BRDA:79,10,1,2
BRDA:79,11,0,0
BRDA:79,11,1,3
BRDA:79,12,0,3
BRDA:79,12,1,3
BRDA:107,13,0,15
BRDA:107,13,1,2
BRDA:107,14,0,1
BRDA:107,14,1,14
BRDA:107,15,0,15
BRDA:107,15,1,15
BRDA:107,16,0,1
BRDA:107,16,1,14
BRDA:107,17,0,15
BRDA:107,17,1,15
BRDA:107,18,0,1
BRDA:107,18,1,14
BRDA:107,19,0,15
BRDA:107,19,1,15
BRDA:108,20,0,2
BRDA:108,20,1,13
BRDA:108,21,0,15
BRDA:108,21,1,13
BRDA:114,22,0,13
BRDA:114,22,1,0
BRDA:120,23,0,0
BRDA:120,23,1,0
BRF:45
BRH:39
end_of_record
TN:
SF:src/auth/login.ts
FN:12,(anonymous_8)
FN:12,(anonymous_9)
FN:13,(anonymous_10)
FNF:3
FNH:0
FNDA:0,(anonymous_8)
FNDA:0,(anonymous_9)
FNDA:0,(anonymous_10)
DA:1,3
DA:2,3
DA:3,3
DA:4,3
DA:5,3
DA:8,3
DA:9,3
DA:10,3
DA:12,3
DA:13,0
DA:14,0
DA:17,0
DA:18,0
DA:20,0
DA:21,0
DA:22,0
DA:24,0
DA:25,0
DA:30,3
LF:19
LH:10
BRDA:17,0,0,0
BRDA:20,1,0,0
BRDA:20,1,1,0
BRF:3
BRH:0
end_of_record
TN:
SF:src/db/db-methods.ts
FN:5,(anonymous_8)
FN:5,(anonymous_9)
FN:11,(anonymous_10)
FN:11,(anonymous_11)
FNF:4
FNH:4
FNDA:15,(anonymous_8)
FNDA:15,(anonymous_9)
FNDA:15,(anonymous_10)
FNDA:15,(anonymous_11)
DA:1,3
DA:2,3
DA:5,15
DA:6,15
DA:7,15
DA:11,15
DA:12,15
DA:13,15
LF:8
LH:8
BRF:0
BRH:0
end_of_record
TN:
SF:src/models/gas-model.ts
FN:19,(anonymous_8)
FN:29,(anonymous_9)
FNF:2
FNH:2
FNDA:82,(anonymous_8)
FNDA:6,(anonymous_9)
DA:1,4
DA:9,4
DA:10,4
DA:13,4
DA:14,4
DA:16,4
DA:19,82
DA:30,6
DA:35,6
DA:36,5
DA:40,4
DA:68,4
LF:12
LH:12
BRDA:13,0,0,4
BRDA:13,0,1,0
BRDA:35,1,0,1
BRF:3
BRH:2
end_of_record
TN:
SF:src/models/logger-model.ts
FN:14,(anonymous_3)
FN:17,(anonymous_4)
FN:20,(anonymous_5)
FN:27,(anonymous_6)
FN:30,(anonymous_7)
FN:33,(anonymous_8)
FN:42,(anonymous_9)
FN:45,(anonymous_10)
FN:48,(anonymous_11)
FN:57,(anonymous_12)
FN:65,(anonymous_13)
FN:68,(anonymous_14)
FN:71,(anonymous_15)
FN:75,_Logger_logMessage
FNF:14
FNH:8
FNDA:206,(anonymous_3)
FNDA:89,(anonymous_4)
FNDA:91,(anonymous_5)
FNDA:0,(anonymous_6)
FNDA:0,(anonymous_7)
FNDA:0,(anonymous_8)
FNDA:0,(anonymous_9)
FNDA:0,(anonymous_10)
FNDA:0,(anonymous_11)
FNDA:17,(anonymous_12)
FNDA:26,(anonymous_13)
FNDA:89,(anonymous_14)
FNDA:91,(anonymous_15)
FNDA:206,_Logger_logMessage
DA:1,4
DA:2,4
DA:3,4
DA:4,4
DA:13,4
DA:15,206
DA:18,89
DA:21,91
DA:26,4
DA:28,0
DA:31,0
DA:34,0
DA:38,4
DA:41,4
DA:43,0
DA:49,0
DA:55,17
DA:58,17
DA:59,0
DA:60,17
DA:61,17
DA:66,26
DA:69,89
DA:72,91
DA:75,4
DA:76,206
DA:77,206
DA:78,206
DA:79,89
DA:81,206
DA:82,91
DA:87,4
LF:32
LH:26
BRDA:38,0,0,4
BRDA:38,0,1,0
BRDA:58,1,0,0
BRDA:58,1,1,17
BRDA:60,2,0,17
BRDA:78,3,0,89
BRDA:81,4,0,91
BRF:7
BRH:5
end_of_record
TN:
SF:src/models/user-model.ts
FN:18,(anonymous_1)
FNF:1
FNH:1
FNDA:89,(anonymous_1)
DA:1,4
DA:9,4
DA:10,4
DA:12,4
DA:13,4
DA:15,4
DA:18,89
DA:31,4
DA:64,4
LF:9
LH:9
BRDA:13,0,0,4
BRDA:13,0,1,0
BRF:2
BRH:1
end_of_record
TN:
SF:src/utils/utils.ts
FN:4,(anonymous_1)
FNF:1
FNH:1
FNDA:3,(anonymous_1)
DA:1,3
DA:2,3
DA:4,3
DA:5,3
DA:6,0
LF:5
LH:4
BRDA:5,0,0,0
BRF:1
BRH:0
end_of_record
